Unity Editor version:    2020.3.38f1 (8f5fde82e2dc)
Branch:                  2020.3/staging
Build type:              Release
Batch mode:              YES
macOS version:           Version 10.15.7 (Build 19H15)
Darwin version:          19.6.0
Architecture:            x86_64
Running under Rosetta:   NO
Available memory:        32768 MB
Using pre-set license
Pro License: NO

COMMAND LINE ARGUMENTS:
/Applications/Unity/Hub/Editor/2020.3.38f1/Unity.app/Contents/MacOS/Unity
-adb2
-batchMode
-noUpm
-name
AssetImportWorker0
-projectPath
/Users/ruanxiaoyang/Desktop/repo/Unity_Shaders_Book
-logFile
Logs/AssetImportWorker0.log
-srvPort
56095
Successfully changed project path to: /Users/ruanxiaoyang/Desktop/repo/Unity_Shaders_Book
/Users/ruanxiaoyang/Desktop/repo/Unity_Shaders_Book
Using Asset Import Pipeline V2.
Cannot set VR devices because the platform passed isn't supported by Unity.
Cannot set VR devices because the platform passed isn't supported by Unity.
Cannot set VR devices because the platform passed isn't supported by Unity.
Cannot set VR devices because the platform passed isn't supported by Unity.
Cannot set VR devices because the platform passed isn't supported by Unity.
Cannot set VR devices because the platform passed isn't supported by Unity.
Cannot set VR devices because the platform passed isn't supported by Unity.
Cannot set VR devices because the platform passed isn't supported by Unity.
Cannot set VR devices because the platform passed isn't supported by Unity.
Cannot set VR devices because the platform passed isn't supported by Unity.
Cannot set VR devices because the platform passed isn't supported by Unity.
Refreshing native plugins compatible for Editor in 33.55 ms, found 2 plugins.
Preloading 0 native plugins for Editor in 0.00 ms.
Initialize engine version: 2020.3.38f1 (8f5fde82e2dc)
[Subsystems] Discovering subsystems at path /Applications/Unity/Hub/Editor/2020.3.38f1/Unity.app/Contents/Resources/UnitySubsystems
[Subsystems] Discovering subsystems at path /Users/ruanxiaoyang/Desktop/repo/Unity_Shaders_Book/Assets
GfxDevice: creating device client; threaded=0
2023-01-02 21:54:04.983 Unity[69900:24847843] Color LCD preferred device: AMD Radeon Pro 5300M (high power)
2023-01-02 21:54:04.983 Unity[69900:24847843] Metal devices available: 2
2023-01-02 21:54:04.983 Unity[69900:24847843] 0: AMD Radeon Pro 5300M (high power)
2023-01-02 21:54:04.983 Unity[69900:24847843] 1: Intel(R) UHD Graphics 630 (low power)
2023-01-02 21:54:04.984 Unity[69900:24847843] Using device AMD Radeon Pro 5300M (high power)
Initializing Metal device caps: AMD Radeon Pro 5300M
Initialize mono
Mono path[0] = '/Applications/Unity/Hub/Editor/2020.3.38f1/Unity.app/Contents/Managed'
Mono path[1] = '/Applications/Unity/Hub/Editor/2020.3.38f1/Unity.app/Contents/MonoBleedingEdge/lib/mono/unityjit'
Mono config path = '/Applications/Unity/Hub/Editor/2020.3.38f1/Unity.app/Contents/MonoBleedingEdge/etc'
Using monoOptions --debugger-agent=transport=dt_socket,embedding=1,server=y,suspend=n,address=127.0.0.1:56900
Begin MonoManager ReloadAssembly
Registering precompiled unity dll's ...
Register platform support module: /Applications/Unity/Hub/Editor/2020.3.38f1/PlaybackEngines/WebGLSupport/UnityEditor.WebGL.Extensions.dll
Register platform support module: /Applications/Unity/Hub/Editor/2020.3.38f1/Unity.app/Contents/PlaybackEngines/MacStandaloneSupport/UnityEditor.OSXStandalone.Extensions.dll
Register platform support module: /Applications/Unity/Hub/Editor/2020.3.38f1/PlaybackEngines/WindowsStandaloneSupport/UnityEditor.WindowsStandalone.Extensions.dll
Registered in 0.003279 seconds.
Native extension for WindowsStandalone target not found
Native extension for OSXStandalone target not found
Native extension for WebGL target not found
Refreshing native plugins compatible for Editor in 29.60 ms, found 2 plugins.
Preloading 0 native plugins for Editor in 0.00 ms.
Mono: successfully reloaded assembly
- Completed reload, in  0.723 seconds
Domain Reload Profiling:
	ReloadAssembly (723ms)
		BeginReloadAssembly (107ms)
			ExecutionOrderSort (0ms)
			DisableScriptedObjects (0ms)
			BackupInstance (0ms)
			ReleaseScriptingObjects (0ms)
			CreateAndSetChildDomain (1ms)
		EndReloadAssembly (525ms)
			LoadAssemblies (109ms)
			RebuildTransferFunctionScriptingTraits (0ms)
			SetupTypeCache (195ms)
			ReleaseScriptCaches (0ms)
			RebuildScriptCaches (44ms)
			SetupLoadedEditorAssemblies (195ms)
				LogAssemblyErrors (0ms)
				InitializePlatformSupportModulesInManaged (6ms)
				SetLoadedEditorAssemblies (0ms)
				RefreshPlugins (30ms)
				BeforeProcessingInitializeOnLoad (30ms)
				ProcessInitializeOnLoadAttributes (100ms)
				ProcessInitializeOnLoadMethodAttributes (30ms)
				AfterProcessingInitializeOnLoad (0ms)
				EditorAssembliesLoaded (0ms)
			ExecutionOrderSort2 (0ms)
			AwakeInstancesAfterBackupRestoration (0ms)
Platform modules already initialized, skipping
Registering precompiled user dll's ...
Registered in 0.002332 seconds.
Begin MonoManager ReloadAssembly
Native extension for WindowsStandalone target not found
Native extension for OSXStandalone target not found
Native extension for WebGL target not found
Refreshing native plugins compatible for Editor in 0.32 ms, found 2 plugins.
Preloading 0 native plugins for Editor in 0.00 ms.
Mono: successfully reloaded assembly
- Completed reload, in  1.144 seconds
Domain Reload Profiling:
	ReloadAssembly (1145ms)
		BeginReloadAssembly (172ms)
			ExecutionOrderSort (0ms)
			DisableScriptedObjects (6ms)
			BackupInstance (0ms)
			ReleaseScriptingObjects (0ms)
			CreateAndSetChildDomain (30ms)
		EndReloadAssembly (907ms)
			LoadAssemblies (94ms)
			RebuildTransferFunctionScriptingTraits (0ms)
			SetupTypeCache (325ms)
			ReleaseScriptCaches (0ms)
			RebuildScriptCaches (55ms)
			SetupLoadedEditorAssemblies (328ms)
				LogAssemblyErrors (0ms)
				InitializePlatformSupportModulesInManaged (6ms)
				SetLoadedEditorAssemblies (1ms)
				RefreshPlugins (0ms)
				BeforeProcessingInitializeOnLoad (70ms)
				ProcessInitializeOnLoadAttributes (232ms)
				ProcessInitializeOnLoadMethodAttributes (18ms)
				AfterProcessingInitializeOnLoad (1ms)
				EditorAssembliesLoaded (0ms)
			ExecutionOrderSort2 (0ms)
			AwakeInstancesAfterBackupRestoration (2ms)
Platform modules already initialized, skipping
Validating Project structure ... 0.008422 seconds.
Shader import version has changed; will reimport all shaders...
Upgrading shader files ...0.035863 seconds.
Application.AssetDatabase Initial Script Refresh Start
RefreshInfo: InitialScriptRefreshV2(NoUpdateAssetOptions) scanfilter:  ... 1 filters
RefreshProfiler: Total: 0.000ms
Application.AssetDatabase Initial Script Refresh End
Application.AssetDatabase.Refresh Start
Application.AssetDatabase.Refresh End
RefreshInfo: StopAssetImportingV2(ForceSynchronousImport) scanfilter: 
RefreshProfiler: Total: 0.000ms
Launching external process: /Applications/Unity/Hub/Editor/2020.3.38f1/Unity.app/Contents/Tools/UnityShaderCompiler
Launched and connected shader compiler UnityShaderCompiler after 0.01 seconds
Initializing Unity extensions:
========================================================================
Worker process is ready to serve import requests
Cannot set VR devices because the platform passed isn't supported by Unity.
Cannot set VR devices because the platform passed isn't supported by Unity.
Cannot set VR devices because the platform passed isn't supported by Unity.
Cannot set VR devices because the platform passed isn't supported by Unity.
Cannot set VR devices because the platform passed isn't supported by Unity.
Cannot set VR devices because the platform passed isn't supported by Unity.
Cannot set VR devices because the platform passed isn't supported by Unity.
Cannot set VR devices because the platform passed isn't supported by Unity.
Cannot set VR devices because the platform passed isn't supported by Unity.
Cannot set VR devices because the platform passed isn't supported by Unity.
Cannot set VR devices because the platform passed isn't supported by Unity.
Refreshing native plugins compatible for Editor in 0.32 ms, found 2 plugins.
Preloading 0 native plugins for Editor in 0.00 ms.
Unloading 1599 Unused Serialized files (Serialized files now loaded: 0)
System memory in use before: 201.5 MB.
System memory in use after: 200.6 MB.

Unloading 94 unused Assets to reduce memory usage. Loaded Objects now: 2079.
Total: 3.255668 ms (FindLiveObjects: 0.130742 ms CreateObjectMapping: 0.050731 ms MarkObjects: 2.526763 ms  DeleteObjects: 0.546784 ms)

AssetImportParameters requested are different than current active one (requested -> active):
  custom:video-decoder-ogg-theora: a1e56fd34408186e4bbccfd4996cb3dc -> 
  custom:container-muxer-webm: aa71ff27fc2769a1b78a27578f13a17b -> 
  custom:container-demuxer-webm: 4f35f7cbe854078d1ac9338744f61a02 -> 
  custom:container-demuxer-ogg: 62fdf1f143b41e24485cea50d1cbac27 -> 
  custom:video-encoder-webm-vp8: eb34c28f22e8b96e1ab97ce403110664 -> 
  custom:framework-osx-AVFoundation: b23960f63f64bdc6ff669e2cdcee2391 -> 
  custom:video-decoder-webm-vp8: 9c59270c3fd7afecdb556c50c9e8de78 -> 
  custom:audio-decoder-ogg-vorbis: bf7c407c2cedff20999df2af8eb42d56 -> 
  custom:audio-encoder-webm-vorbis: bf7c407c2cedff20999df2af8eb42d56 -> 
========================================================================
Received Import Request.
  path: Assets/Scenes/Chapter5/Scene_5_2.unity
  artifactKey: Guid(d4c7dab7c21c9423793d95e08ed0794c) Importer(815301076,1909f56bfc062723c751e8b465ee728b)
Start importing Assets/Scenes/Chapter5/Scene_5_2.unity using Guid(d4c7dab7c21c9423793d95e08ed0794c) Importer(815301076,1909f56bfc062723c751e8b465ee728b)  -> (artifact id: '68ef782a1cfe540fbffce4ff156c7247') in 0.003492 seconds 
========================================================================
Received Import Request.
  Time since last request: 15.680321 seconds.
  path: Assets/Scenes/Chapter6/Scene_6_4.unity
  artifactKey: Guid(10863d3a9e167464fb1e954415e2f349) Importer(815301076,1909f56bfc062723c751e8b465ee728b)
Start importing Assets/Scenes/Chapter6/Scene_6_4.unity using Guid(10863d3a9e167464fb1e954415e2f349) Importer(815301076,1909f56bfc062723c751e8b465ee728b)  -> (artifact id: '285bd00a94b879edea3c283c578f0dc2') in 0.001334 seconds 
========================================================================
Received Import Request.
  Time since last request: 2.877592 seconds.
  path: Assets/Scenes/Chapter6/Scene_6_5.unity
  artifactKey: Guid(20afabf8f7b334722b9322cbe767943f) Importer(815301076,1909f56bfc062723c751e8b465ee728b)
Start importing Assets/Scenes/Chapter6/Scene_6_5.unity using Guid(20afabf8f7b334722b9322cbe767943f) Importer(815301076,1909f56bfc062723c751e8b465ee728b)  -> (artifact id: '511802928db568f1e56a16e57a11702d') in 0.001311 seconds 
========================================================================
Received Import Request.
  Time since last request: 1.697756 seconds.
  path: Assets/Scenes/Chapter6/Scene_6_6.unity
  artifactKey: Guid(244751f7be0494a6fb948f53dfcbf60b) Importer(815301076,1909f56bfc062723c751e8b465ee728b)
Start importing Assets/Scenes/Chapter6/Scene_6_6.unity using Guid(244751f7be0494a6fb948f53dfcbf60b) Importer(815301076,1909f56bfc062723c751e8b465ee728b)  -> (artifact id: '0b5a2ea8b6bfa8dfdfb022f2b0efea4d') in 0.001304 seconds 
========================================================================
Received Prepare
Cannot set VR devices because the platform passed isn't supported by Unity.
Cannot set VR devices because the platform passed isn't supported by Unity.
Cannot set VR devices because the platform passed isn't supported by Unity.
Cannot set VR devices because the platform passed isn't supported by Unity.
Cannot set VR devices because the platform passed isn't supported by Unity.
Cannot set VR devices because the platform passed isn't supported by Unity.
Cannot set VR devices because the platform passed isn't supported by Unity.
Cannot set VR devices because the platform passed isn't supported by Unity.
Cannot set VR devices because the platform passed isn't supported by Unity.
Cannot set VR devices because the platform passed isn't supported by Unity.
Cannot set VR devices because the platform passed isn't supported by Unity.
Registering precompiled user dll's ...
Registered in 0.001934 seconds.
Begin MonoManager ReloadAssembly
Native extension for WindowsStandalone target not found
Native extension for OSXStandalone target not found
Native extension for WebGL target not found
Refreshing native plugins compatible for Editor in 0.36 ms, found 2 plugins.
Preloading 0 native plugins for Editor in 0.00 ms.
Mono: successfully reloaded assembly
- Completed reload, in  1.434 seconds
Domain Reload Profiling:
	ReloadAssembly (1434ms)
		BeginReloadAssembly (190ms)
			ExecutionOrderSort (0ms)
			DisableScriptedObjects (5ms)
			BackupInstance (0ms)
			ReleaseScriptingObjects (0ms)
			CreateAndSetChildDomain (71ms)
		EndReloadAssembly (1175ms)
			LoadAssemblies (145ms)
			RebuildTransferFunctionScriptingTraits (0ms)
			SetupTypeCache (433ms)
			ReleaseScriptCaches (1ms)
			RebuildScriptCaches (69ms)
			SetupLoadedEditorAssemblies (420ms)
				LogAssemblyErrors (0ms)
				InitializePlatformSupportModulesInManaged (7ms)
				SetLoadedEditorAssemblies (1ms)
				RefreshPlugins (0ms)
				BeforeProcessingInitializeOnLoad (143ms)
				ProcessInitializeOnLoadAttributes (249ms)
				ProcessInitializeOnLoadMethodAttributes (18ms)
				AfterProcessingInitializeOnLoad (1ms)
				EditorAssembliesLoaded (0ms)
			ExecutionOrderSort2 (0ms)
			AwakeInstancesAfterBackupRestoration (3ms)
Platform modules already initialized, skipping
Refreshing native plugins compatible for Editor in 0.35 ms, found 2 plugins.
Preloading 0 native plugins for Editor in 0.00 ms.
Unloading 1536 Unused Serialized files (Serialized files now loaded: 0)
System memory in use before: 193.3 MB.
System memory in use after: 193.3 MB.

Unloading 13 unused Assets to reduce memory usage. Loaded Objects now: 2083.
Total: 2.767817 ms (FindLiveObjects: 0.129682 ms CreateObjectMapping: 0.063785 ms MarkObjects: 2.500551 ms  DeleteObjects: 0.072771 ms)

AssetImportParameters requested are different than current active one (requested -> active):
  custom:video-decoder-ogg-theora: a1e56fd34408186e4bbccfd4996cb3dc -> 
  custom:container-muxer-webm: aa71ff27fc2769a1b78a27578f13a17b -> 
  custom:container-demuxer-webm: 4f35f7cbe854078d1ac9338744f61a02 -> 
  custom:container-demuxer-ogg: 62fdf1f143b41e24485cea50d1cbac27 -> 
  custom:video-encoder-webm-vp8: eb34c28f22e8b96e1ab97ce403110664 -> 
  custom:framework-osx-AVFoundation: b23960f63f64bdc6ff669e2cdcee2391 -> 
  custom:video-decoder-webm-vp8: 9c59270c3fd7afecdb556c50c9e8de78 -> 
  custom:audio-decoder-ogg-vorbis: bf7c407c2cedff20999df2af8eb42d56 -> 
  custom:audio-encoder-webm-vorbis: bf7c407c2cedff20999df2af8eb42d56 -> 
========================================================================
Received Import Request.
  Time since last request: 148047.863661 seconds.
  path: Assets/Shaders/Chapter3
  artifactKey: Guid(4248dee8e02e54e9ca3cc2ab919ffe83) Importer(815301076,1909f56bfc062723c751e8b465ee728b)
Start importing Assets/Shaders/Chapter3 using Guid(4248dee8e02e54e9ca3cc2ab919ffe83) Importer(815301076,1909f56bfc062723c751e8b465ee728b)  -> (artifact id: '0e5acaf3c484eab6a7e0e925516cc2b6') in 0.040312 seconds 
========================================================================
Received Import Request.
  Time since last request: 4.861339 seconds.
  path: Assets/Shaders/Chapter6/Chapter6-DiffusePixelLevel.shader
  artifactKey: Guid(75a8d8bb42cef435eb4b2c16700b7556) Importer(815301076,1909f56bfc062723c751e8b465ee728b)
Start importing Assets/Shaders/Chapter6/Chapter6-DiffusePixelLevel.shader using Guid(75a8d8bb42cef435eb4b2c16700b7556) Importer(815301076,1909f56bfc062723c751e8b465ee728b)  -> (artifact id: 'ebe9262a4c72bc8d08a50d5970567c42') in 0.529849 seconds 
========================================================================
Received Import Request.
  Time since last request: 1.388614 seconds.
  path: Assets/Shaders/Chapter6/Chapter6-BlinnPhongUseBuildInFunctions.shader
  artifactKey: Guid(f0036453870fc4897b29680d6ae3e971) Importer(815301076,1909f56bfc062723c751e8b465ee728b)
Start importing Assets/Shaders/Chapter6/Chapter6-BlinnPhongUseBuildInFunctions.shader using Guid(f0036453870fc4897b29680d6ae3e971) Importer(815301076,1909f56bfc062723c751e8b465ee728b)  -> (artifact id: '0dc2772b4734b5b3135aeb9e64df0d61') in 0.003399 seconds 
========================================================================
Received Import Request.
  Time since last request: 1.045481 seconds.
  path: Assets/Shaders/Chapter6/Chapter6-BlinnPhong.shader
  artifactKey: Guid(0af38ebff12784fdb8c9d8cd2f6cca14) Importer(815301076,1909f56bfc062723c751e8b465ee728b)
Start importing Assets/Shaders/Chapter6/Chapter6-BlinnPhong.shader using Guid(0af38ebff12784fdb8c9d8cd2f6cca14) Importer(815301076,1909f56bfc062723c751e8b465ee728b)  -> (artifact id: '5175d4857600d6125ec4b2403af3b02d') in 0.002800 seconds 
========================================================================
Received Import Request.
  Time since last request: 1038.770771 seconds.
  path: Assets/Scenes/Chapter7/Scene_7_1.unity
  artifactKey: Guid(e36037b51242e40158c35bf96477c740) Importer(815301076,1909f56bfc062723c751e8b465ee728b)
Start importing Assets/Scenes/Chapter7/Scene_7_1.unity using Guid(e36037b51242e40158c35bf96477c740) Importer(815301076,1909f56bfc062723c751e8b465ee728b)  -> (artifact id: 'f9600b233390333be758d139ef0f96bf') in 0.001845 seconds 
========================================================================
Received Import Request.
  Time since last request: 4.468224 seconds.
  path: Assets/Textures/Chapter7/Brick_Diffuse.JPG
  artifactKey: Guid(d938a66d993e948deaed0109b1217675) Importer(815301076,1909f56bfc062723c751e8b465ee728b)
Start importing Assets/Textures/Chapter7/Brick_Diffuse.JPG using Guid(d938a66d993e948deaed0109b1217675) Importer(815301076,1909f56bfc062723c751e8b465ee728b)  -> (artifact id: 'ab611fe64323fd3407fc6fb073b1f73b') in 0.613731 seconds 
========================================================================
Received Import Request.
  Time since last request: 69436.412063 seconds.
  path: Assets/Scenes/Chapter7/Scene_7_2_3.unity
  artifactKey: Guid(06a20737a40e047b99cbde05193b6b16) Importer(815301076,1909f56bfc062723c751e8b465ee728b)
Start importing Assets/Scenes/Chapter7/Scene_7_2_3.unity using Guid(06a20737a40e047b99cbde05193b6b16) Importer(815301076,1909f56bfc062723c751e8b465ee728b)  -> (artifact id: '73bc540a3f6760bf3360c4ca79728c64') in 0.002216 seconds 
========================================================================
Received Import Request.
  Time since last request: 7.716107 seconds.
  path: Assets/Textures/Chapter7/Brick_Normal.JPG
  artifactKey: Guid(62ea63551f14847d18f8f258f74e14d8) Importer(815301076,1909f56bfc062723c751e8b465ee728b)
Start importing Assets/Textures/Chapter7/Brick_Normal.JPG using Guid(62ea63551f14847d18f8f258f74e14d8) Importer(815301076,1909f56bfc062723c751e8b465ee728b)  -> (artifact id: '8c7379e702bf7c0f3898e097e2b31d1d') in 0.033930 seconds 
========================================================================
Received Import Request.
  Time since last request: 9.319586 seconds.
  path: Assets/Shaders/Chapter7/Chapter7-NormalMapWorldSpace.shader
  artifactKey: Guid(01074012f14cf471cae8b56108368075) Importer(815301076,1909f56bfc062723c751e8b465ee728b)
Start importing Assets/Shaders/Chapter7/Chapter7-NormalMapWorldSpace.shader using Guid(01074012f14cf471cae8b56108368075) Importer(815301076,1909f56bfc062723c751e8b465ee728b)  -> (artifact id: '97d26acc4201835ebc3681dccd353686') in 0.002571 seconds 
========================================================================
Received Import Request.
  Time since last request: 1233.421911 seconds.
  path: Assets/Scenes/Chapter7/Scene_7_3.unity
  artifactKey: Guid(e5b6d33ed19474950aa9d84506a9de99) Importer(815301076,1909f56bfc062723c751e8b465ee728b)
Start importing Assets/Scenes/Chapter7/Scene_7_3.unity using Guid(e5b6d33ed19474950aa9d84506a9de99) Importer(815301076,1909f56bfc062723c751e8b465ee728b)  -> (artifact id: 'bfef35f9a1a4f1389c4645ef86aecb9e') in 0.001685 seconds 
========================================================================
Received Import Request.
  Time since last request: 1745.708086 seconds.
  path: Assets/Scenes/Chapter7/Scene_7_4.unity
  artifactKey: Guid(c3655203ae47d4f198bc61e167236114) Importer(815301076,1909f56bfc062723c751e8b465ee728b)
Start importing Assets/Scenes/Chapter7/Scene_7_4.unity using Guid(c3655203ae47d4f198bc61e167236114) Importer(815301076,1909f56bfc062723c751e8b465ee728b)  -> (artifact id: 'fbd6b6d2dc05e57048f1d718190fce72') in 0.001883 seconds 
========================================================================
Received Import Request.
  Time since last request: 9.852150 seconds.
  path: Assets/Textures/Chapter7/Road_Diffuse.tga
  artifactKey: Guid(987c676a3fac2524b871781701f8fbb8) Importer(815301076,1909f56bfc062723c751e8b465ee728b)
Start importing Assets/Textures/Chapter7/Road_Diffuse.tga using Guid(987c676a3fac2524b871781701f8fbb8) Importer(815301076,1909f56bfc062723c751e8b465ee728b)  -> (artifact id: '8799e5fc3a2f75d189df828fea8b4f68') in 0.508393 seconds 
========================================================================
Received Import Request.
  Time since last request: 0.000217 seconds.
  path: Assets/Textures/Chapter7/Road_Normal.tga
  artifactKey: Guid(fb7364a89ab4a114a89a472f8a4c189e) Importer(815301076,1909f56bfc062723c751e8b465ee728b)
Start importing Assets/Textures/Chapter7/Road_Normal.tga using Guid(fb7364a89ab4a114a89a472f8a4c189e) Importer(815301076,1909f56bfc062723c751e8b465ee728b)  -> (artifact id: '9f6fadcdf7366fe643713f93f181e0fa') in 0.010676 seconds 
========================================================================
Received Import Request.
  Time since last request: 0.000175 seconds.
  path: Assets/Textures/Chapter7/Road_Specular.tga
  artifactKey: Guid(abbe972051d82d24fbf65e4d32640994) Importer(815301076,1909f56bfc062723c751e8b465ee728b)
Start importing Assets/Textures/Chapter7/Road_Specular.tga using Guid(abbe972051d82d24fbf65e4d32640994) Importer(815301076,1909f56bfc062723c751e8b465ee728b)  -> (artifact id: 'ebbef9fe73e938df94887cb239f3f24f') in 0.009422 seconds 
========================================================================
Received Import Request.
  Time since last request: 11253.887293 seconds.
  path: Assets/Shaders/Chapter8/Chapter8-AlphaBlend.shader
  artifactKey: Guid(9ab5c065e7d13494c8108f401bbc9b80) Importer(815301076,1909f56bfc062723c751e8b465ee728b)
Start importing Assets/Shaders/Chapter8/Chapter8-AlphaBlend.shader using Guid(9ab5c065e7d13494c8108f401bbc9b80) Importer(815301076,1909f56bfc062723c751e8b465ee728b)  -> (artifact id: '019df7e7a5bbfdb340ce118b42f5a4bd') in 0.003469 seconds 
========================================================================
Received Import Request.
  Time since last request: 2.407552 seconds.
  path: Assets/Shaders/Chapter8/Chapter8-AlphaTest.shader
  artifactKey: Guid(edeb7d1c16e7e473d8e3a6ba8f9f7ef1) Importer(815301076,1909f56bfc062723c751e8b465ee728b)
Start importing Assets/Shaders/Chapter8/Chapter8-AlphaTest.shader using Guid(edeb7d1c16e7e473d8e3a6ba8f9f7ef1) Importer(815301076,1909f56bfc062723c751e8b465ee728b)  -> (artifact id: '94ba20878cb40d2e5d2cf478a081c320') in 0.002499 seconds 
========================================================================
Received Import Request.
  Time since last request: 7.535050 seconds.
  path: Assets/Scenes/Chapter8/Scene_8_3.unity
  artifactKey: Guid(8fcb1c94ee9a74691af8337f857571bf) Importer(815301076,1909f56bfc062723c751e8b465ee728b)
Start importing Assets/Scenes/Chapter8/Scene_8_3.unity using Guid(8fcb1c94ee9a74691af8337f857571bf) Importer(815301076,1909f56bfc062723c751e8b465ee728b)  -> (artifact id: 'dd0323ae0e53786d676a5629036d63f1') in 0.002035 seconds 
========================================================================
Received Import Request.
  Time since last request: 2627.700759 seconds.
  path: Assets/Textures/Chapter8/transparent_texture.psd
  artifactKey: Guid(b267cbeeb93b04e788664246bdc46985) Importer(815301076,1909f56bfc062723c751e8b465ee728b)
Start importing Assets/Textures/Chapter8/transparent_texture.psd using Guid(b267cbeeb93b04e788664246bdc46985) Importer(815301076,1909f56bfc062723c751e8b465ee728b)  -> (artifact id: '45f30a4e35422c700169798caf29216c') in 0.513293 seconds 
========================================================================
Received Import Request.
  Time since last request: 3678.499529 seconds.
  path: Assets/Scenes/Chapter8/Scene_8_4.unity
  artifactKey: Guid(b499c84ed9c76462bbb0f20909b7a6bd) Importer(815301076,1909f56bfc062723c751e8b465ee728b)
Start importing Assets/Scenes/Chapter8/Scene_8_4.unity using Guid(b499c84ed9c76462bbb0f20909b7a6bd) Importer(815301076,1909f56bfc062723c751e8b465ee728b)  -> (artifact id: '9a3a93df88d33d766012db5be50e8757') in 0.001762 seconds 
========================================================================
Received Import Request.
  Time since last request: 73.924784 seconds.
  path: Assets/Scenes/Chapter8/Scene_8_5.unity
  artifactKey: Guid(bebf4dc5674984d78ad686df89beebdd) Importer(815301076,1909f56bfc062723c751e8b465ee728b)
Start importing Assets/Scenes/Chapter8/Scene_8_5.unity using Guid(bebf4dc5674984d78ad686df89beebdd) Importer(815301076,1909f56bfc062723c751e8b465ee728b)  -> (artifact id: '6d78d641a0d639be0b31a2355e3b2849') in 0.001983 seconds 
========================================================================
Received Import Request.
  Time since last request: 16679.894539 seconds.
  path: Assets/Scenes/Chapter8/Scene_8_6_3.unity
  artifactKey: Guid(20794e5ed62564da79e5f47821de32de) Importer(815301076,1909f56bfc062723c751e8b465ee728b)
Start importing Assets/Scenes/Chapter8/Scene_8_6_3.unity using Guid(20794e5ed62564da79e5f47821de32de) Importer(815301076,1909f56bfc062723c751e8b465ee728b)  -> (artifact id: '8873a56260259d744929e62fc87a2b0f') in 0.004977 seconds 
========================================================================
Received Import Request.
  Time since last request: 57711.910815 seconds.
  path: Assets/Scenes/Chapter9/Scene_9_2_2_1.unity
  artifactKey: Guid(b11c8b80edb4b4257ae84e1b77b7de1a) Importer(815301076,1909f56bfc062723c751e8b465ee728b)
Start importing Assets/Scenes/Chapter9/Scene_9_2_2_1.unity using Guid(b11c8b80edb4b4257ae84e1b77b7de1a) Importer(815301076,1909f56bfc062723c751e8b465ee728b)  -> (artifact id: '0a7557faeba218264d186f6b519287fc') in 0.003420 seconds 
========================================================================
Received Import Request.
  Time since last request: 2715.689985 seconds.
  path: Assets/Scenes/Chapter9/Scene_9_2_2_2.unity
  artifactKey: Guid(fa65c213a9cca42499afd057153a6c65) Importer(815301076,1909f56bfc062723c751e8b465ee728b)
Start importing Assets/Scenes/Chapter9/Scene_9_2_2_2.unity using Guid(fa65c213a9cca42499afd057153a6c65) Importer(815301076,1909f56bfc062723c751e8b465ee728b)  -> (artifact id: 'e1711ae9eae3aecfe375ea421b3e0cff') in 0.001723 seconds 
========================================================================
Received Import Request.
  Time since last request: 4773.699730 seconds.
  path: Assets/Scenes/Chapter9/Scene_9_4_2.unity
  artifactKey: Guid(4581ef0b5edf547a8af0eca486200d04) Importer(815301076,1909f56bfc062723c751e8b465ee728b)
Start importing Assets/Scenes/Chapter9/Scene_9_4_2.unity using Guid(4581ef0b5edf547a8af0eca486200d04) Importer(815301076,1909f56bfc062723c751e8b465ee728b)  -> (artifact id: 'e2cfdac52cfe62b4f061a29d67ff80a1') in 0.001916 seconds 
========================================================================
Received Import Request.
  Time since last request: 2.067002 seconds.
  path: Assets/Scenes/Chapter9/Scene_9_4_4.unity
  artifactKey: Guid(f42d1f37a05de4a429f12348eef2a70e) Importer(815301076,1909f56bfc062723c751e8b465ee728b)
Start importing Assets/Scenes/Chapter9/Scene_9_4_4.unity using Guid(f42d1f37a05de4a429f12348eef2a70e) Importer(815301076,1909f56bfc062723c751e8b465ee728b)  -> (artifact id: '88d9584a2e53df2f5cfb493d065c0983') in 0.001969 seconds 
========================================================================
Received Import Request.
  Time since last request: 0.834038 seconds.
  path: Assets/Scenes/Chapter9/Scene_9_4_5.unity
  artifactKey: Guid(30c9bcf6916684c43bf59eed9de0a14a) Importer(815301076,1909f56bfc062723c751e8b465ee728b)
Start importing Assets/Scenes/Chapter9/Scene_9_4_5.unity using Guid(30c9bcf6916684c43bf59eed9de0a14a) Importer(815301076,1909f56bfc062723c751e8b465ee728b)  -> (artifact id: '2ebb47d086a238909a52af886c1b5f4f') in 0.002235 seconds 
========================================================================
Received Import Request.
  Time since last request: 2011.051530 seconds.
  path: Assets/Scenes/Chapter9/Scene_9_4_5_b.unity
  artifactKey: Guid(1882abb5e15864d75afa458edd51f3bd) Importer(815301076,1909f56bfc062723c751e8b465ee728b)
Start importing Assets/Scenes/Chapter9/Scene_9_4_5_b.unity using Guid(1882abb5e15864d75afa458edd51f3bd) Importer(815301076,1909f56bfc062723c751e8b465ee728b)  -> (artifact id: '3cd6c5ae866ca715a9b89f9c74ad01a5') in 0.002057 seconds 
========================================================================
Received Import Request.
  Time since last request: 41.081799 seconds.
  path: Assets/Shaders/Common/BumpedDiffuse.shader
  artifactKey: Guid(49aacf21ebac04f4da838b6fc982da24) Importer(815301076,1909f56bfc062723c751e8b465ee728b)
Start importing Assets/Shaders/Common/BumpedDiffuse.shader using Guid(49aacf21ebac04f4da838b6fc982da24) Importer(815301076,1909f56bfc062723c751e8b465ee728b)  -> (artifact id: 'a0703b67ef6f5afecff6f849dc3574e9') in 0.013585 seconds 
